{"C:\\Users\\rootm\\dev\\extensions\\domhacks-tsx\\src\\content\\contentFunctions.ts": {"path":"C:\\Users\\rootm\\dev\\extensions\\domhacks-tsx\\src\\content\\contentFunctions.ts","statementMap":{"0":{"start":{"line":4,"column":25},"end":{"line":9,"column":1}},"1":{"start":{"line":5,"column":35},"end":{"line":5,"column":78}},"2":{"start":{"line":6,"column":30},"end":{"line":6,"column":61}},"3":{"start":{"line":7,"column":25},"end":{"line":7,"column":48}},"4":{"start":{"line":8,"column":2},"end":{"line":8,"column":24}},"5":{"start":{"line":86,"column":2},"end":{"line":86,"column":18}},"6":{"start":{"line":14,"column":19},"end":{"line":20,"column":1}},"7":{"start":{"line":15,"column":25},"end":{"line":17,"column":21}},"8":{"start":{"line":18,"column":18},"end":{"line":18,"column":42}},"9":{"start":{"line":19,"column":2},"end":{"line":19,"column":17}},"10":{"start":{"line":87,"column":2},"end":{"line":87,"column":12}},"11":{"start":{"line":22,"column":37},"end":{"line":28,"column":1}},"12":{"start":{"line":23,"column":25},"end":{"line":24,"column":null}},"13":{"start":{"line":26,"column":32},"end":{"line":26,"column":57}},"14":{"start":{"line":27,"column":2},"end":{"line":27,"column":31}},"15":{"start":{"line":88,"column":2},"end":{"line":88,"column":30}},"16":{"start":{"line":30,"column":30},"end":{"line":37,"column":1}},"17":{"start":{"line":32,"column":4},"end":{"line":33,"column":null}},"18":{"start":{"line":36,"column":2},"end":{"line":36,"column":28}},"19":{"start":{"line":89,"column":2},"end":{"line":89,"column":23}},"20":{"start":{"line":39,"column":34},"end":{"line":46,"column":1}},"21":{"start":{"line":41,"column":2},"end":{"line":43,"column":37}},"22":{"start":{"line":45,"column":2},"end":{"line":45,"column":32}},"23":{"start":{"line":90,"column":2},"end":{"line":90,"column":27}},"24":{"start":{"line":48,"column":59},"end":{"line":83,"column":1}},"25":{"start":{"line":53,"column":34},"end":{"line":53,"column":36}},"26":{"start":{"line":54,"column":2},"end":{"line":64,"column":null}},"27":{"start":{"line":55,"column":24},"end":{"line":57,"column":23}},"28":{"start":{"line":58,"column":18},"end":{"line":58,"column":39}},"29":{"start":{"line":59,"column":22},"end":{"line":59,"column":45}},"30":{"start":{"line":60,"column":23},"end":{"line":61,"column":null}},"31":{"start":{"line":63,"column":4},"end":{"line":63,"column":56}},"32":{"start":{"line":67,"column":27},"end":{"line":67,"column":58}},"33":{"start":{"line":68,"column":27},"end":{"line":68,"column":58}},"34":{"start":{"line":69,"column":17},"end":{"line":69,"column":48}},"35":{"start":{"line":70,"column":17},"end":{"line":70,"column":48}},"36":{"start":{"line":72,"column":2},"end":{"line":80,"column":null}},"37":{"start":{"line":74,"column":4},"end":{"line":74,"column":24}},"38":{"start":{"line":75,"column":4},"end":{"line":75,"column":26}},"39":{"start":{"line":78,"column":4},"end":{"line":78,"column":24}},"40":{"start":{"line":79,"column":4},"end":{"line":79,"column":26}},"41":{"start":{"line":82,"column":2},"end":{"line":82,"column":36}},"42":{"start":{"line":91,"column":2},"end":{"line":91,"column":52}}},"fnMap":{"0":{"name":"(anonymous_0)","decl":{"start":{"line":4,"column":25},"end":{"line":4,"column":37}},"loc":{"start":{"line":4,"column":39},"end":{"line":9,"column":1}}},"1":{"name":"(anonymous_1)","decl":{"start":{"line":14,"column":19},"end":{"line":14,"column":30}},"loc":{"start":{"line":14,"column":32},"end":{"line":20,"column":1}}},"2":{"name":"(anonymous_2)","decl":{"start":{"line":22,"column":37},"end":{"line":22,"column":49}},"loc":{"start":{"line":22,"column":51},"end":{"line":28,"column":1}}},"3":{"name":"(anonymous_3)","decl":{"start":{"line":30,"column":30},"end":{"line":30,"column":64}},"loc":{"start":{"line":30,"column":66},"end":{"line":37,"column":1}}},"4":{"name":"(anonymous_4)","decl":{"start":{"line":39,"column":34},"end":{"line":39,"column":68}},"loc":{"start":{"line":39,"column":70},"end":{"line":46,"column":1}}},"5":{"name":"(anonymous_5)","decl":{"start":{"line":48,"column":59},"end":{"line":48,"column":null}},"loc":{"start":{"line":50,"column":19},"end":{"line":83,"column":1}}}},"branchMap":{"0":{"loc":{"start":{"line":72,"column":2},"end":{"line":80,"column":null}},"type":"if","locations":[{"start":{"line":72,"column":2},"end":{"line":80,"column":null}},{"start":{"line":76,"column":9},"end":{"line":80,"column":null}}]}},"s":{"0":6,"1":2,"2":2,"3":2,"4":2,"5":6,"6":6,"7":1,"8":1,"9":1,"10":6,"11":6,"12":2,"13":2,"14":2,"15":6,"16":6,"17":1,"18":1,"19":6,"20":6,"21":1,"22":1,"23":6,"24":6,"25":1,"26":1,"27":2,"28":2,"29":2,"30":2,"31":2,"32":1,"33":1,"34":1,"35":1,"36":1,"37":1,"38":1,"39":0,"40":0,"41":1,"42":6},"f":{"0":2,"1":1,"2":2,"3":1,"4":1,"5":1},"b":{"0":[1,0]}}
}
