TN:
SF:src\content\contentFunctions.ts
FN:4,(anonymous_0)
FN:14,(anonymous_1)
FN:22,(anonymous_2)
FN:30,(anonymous_3)
FN:39,(anonymous_4)
FN:48,(anonymous_5)
FNF:6
FNH:6
FNDA:2,(anonymous_0)
FNDA:1,(anonymous_1)
FNDA:2,(anonymous_2)
FNDA:1,(anonymous_3)
FNDA:1,(anonymous_4)
FNDA:1,(anonymous_5)
DA:4,6
DA:5,2
DA:6,2
DA:7,2
DA:8,2
DA:14,6
DA:15,1
DA:18,1
DA:19,1
DA:22,6
DA:23,2
DA:26,2
DA:27,2
DA:30,6
DA:32,1
DA:36,1
DA:39,6
DA:41,1
DA:45,1
DA:48,6
DA:53,1
DA:54,1
DA:55,2
DA:58,2
DA:59,2
DA:60,2
DA:63,2
DA:67,1
DA:68,1
DA:69,1
DA:70,1
DA:72,1
DA:74,1
DA:75,1
DA:78,0
DA:79,0
DA:82,1
DA:86,6
DA:87,6
DA:88,6
DA:89,6
DA:90,6
DA:91,6
LF:43
LH:41
BRDA:72,0,0,1
BRDA:72,0,1,0
BRF:2
BRH:1
end_of_record
